build/app/intermediates/manifest_merge_blame_file/debug/manifest-merger-blame-debug-report.txt
1<?xml version="1.0" encoding="utf-8"?>
2<manifest xmlns:android="http://schemas.android.com/apk/res/android"
3    package="com.example.e_kemuning"
4    android:versionCode="1"
5    android:versionName="1.0.0" >
6
7    <uses-sdk
8        android:minSdkVersion="20"
9        android:targetSdkVersion="31" />
10    <!--
11         The INTERNET permission is required for development. Specifically,
12         the Flutter tool needs it to communicate with the running application
13         to allow setting breakpoints, to provide hot reload, etc.
14    -->
15    <uses-permission android:name="android.permission.INTERNET" />
15-->src/debug/AndroidManifest.xml:7:5-66
15-->src/debug/AndroidManifest.xml:7:22-64
16    <!-- Provide required visibility configuration for API level 30 and above -->
17    <queries>
17-->src/main/AndroidManifest.xml:4:5-15:15
18
19        <!-- If your app checks for SMS support -->
20        <intent>
20-->src/main/AndroidManifest.xml:6:9-9:18
21            <action android:name="android.intent.action.VIEW" />
21-->src/main/AndroidManifest.xml:7:13-65
21-->src/main/AndroidManifest.xml:7:21-62
22
23            <data android:scheme="sms" />
23-->src/main/AndroidManifest.xml:8:13-42
23-->src/main/AndroidManifest.xml:8:19-39
24        </intent>
25        <!-- If your app checks for call support -->
26        <intent>
26-->src/main/AndroidManifest.xml:11:9-14:18
27            <action android:name="android.intent.action.VIEW" />
27-->src/main/AndroidManifest.xml:7:13-65
27-->src/main/AndroidManifest.xml:7:21-62
28
29            <data android:scheme="tel" />
29-->src/main/AndroidManifest.xml:8:13-42
29-->src/main/AndroidManifest.xml:8:19-39
30        </intent>
31        <!-- Needs to be explicitly declared on Android R+ -->
32        <package android:name="com.google.android.apps.maps" />
32-->[com.google.android.gms:play-services-maps:18.0.2] AndroidManifest.xml:33:9-64
32-->[com.google.android.gms:play-services-maps:18.0.2] AndroidManifest.xml:33:18-61
33    </queries>
34
35    <uses-permission android:name="android.permission.CALL_PHONE" />
35-->[:flutter_phone_direct_caller] AndroidManifest.xml:9:5-69
35-->[:flutter_phone_direct_caller] AndroidManifest.xml:9:22-66
36
37    <uses-feature
37-->[:flutter_phone_direct_caller] AndroidManifest.xml:11:5-13:36
38        android:name="android.hardware.telephony"
38-->[:flutter_phone_direct_caller] AndroidManifest.xml:12:9-50
39        android:required="false" /> <!-- Include required permissions for Google Maps API to run. -->
39-->[:flutter_phone_direct_caller] AndroidManifest.xml:13:9-33
40    <uses-permission android:name="android.permission.ACCESS_NETWORK_STATE" />
40-->[com.google.android.gms:play-services-maps:18.0.2] AndroidManifest.xml:23:5-79
40-->[com.google.android.gms:play-services-maps:18.0.2] AndroidManifest.xml:23:22-76
41
42    <uses-feature
42-->[com.google.android.gms:play-services-maps:18.0.2] AndroidManifest.xml:26:5-28:35
43        android:glEsVersion="0x00020000"
43-->[com.google.android.gms:play-services-maps:18.0.2] AndroidManifest.xml:27:9-41
44        android:required="true" />
44-->[com.google.android.gms:play-services-maps:18.0.2] AndroidManifest.xml:28:9-32
45
46    <application
47        android:name="android.app.Application"
48        android:appComponentFactory="androidx.core.app.CoreComponentFactory"
48-->[androidx.core:core:1.6.0] AndroidManifest.xml:24:18-86
49        android:debuggable="true"
50        android:icon="@mipmap/ic_launcher"
51        android:label="e_kemuning" >
52        <activity
53            android:name="com.example.e_kemuning.MainActivity"
54            android:configChanges="orientation|keyboardHidden|keyboard|screenSize|smallestScreenSize|locale|layoutDirection|fontScale|screenLayout|density|uiMode"
55            android:exported="true"
56            android:hardwareAccelerated="true"
57            android:launchMode="singleTop"
58            android:theme="@style/LaunchTheme"
59            android:windowSoftInputMode="adjustResize" >
60
61            <!--
62                 Specifies an Android theme to apply to this Activity as soon as
63                 the Android process has started. This theme is visible to the user
64                 while the Flutter UI initializes. After that, this theme continues
65                 to determine the Window background behind the Flutter UI.
66            -->
67            <meta-data
68                android:name="io.flutter.embedding.android.NormalTheme"
69                android:resource="@style/NormalTheme" />
70
71            <intent-filter>
72                <action android:name="android.intent.action.MAIN" />
73
74                <category android:name="android.intent.category.LAUNCHER" />
75            </intent-filter>
76        </activity>
77        <!--
78             Don't delete the meta-data below.
79             This is used by the Flutter tool to generate GeneratedPluginRegistrant.java
80        -->
81        <meta-data
82            android:name="flutterEmbedding"
83            android:value="2" />
84        <meta-data
85            android:name="com.google.android.geo.API_KEY"
86            android:value="AIzaSyAyrtHyjvYwDZrTofErb62HvyuiWnSFhGk" />
87
88        <activity
88-->[:url_launcher_android] AndroidManifest.xml:10:9-13:74
89            android:name="io.flutter.plugins.urllauncher.WebViewActivity"
89-->[:url_launcher_android] AndroidManifest.xml:11:13-74
90            android:exported="false"
90-->[:url_launcher_android] AndroidManifest.xml:12:13-37
91            android:theme="@android:style/Theme.NoTitleBar.Fullscreen" />
91-->[:url_launcher_android] AndroidManifest.xml:13:13-71
92
93        <uses-library
93-->[androidx.window:window:1.0.0-beta04] AndroidManifest.xml:25:9-27:40
94            android:name="androidx.window.extensions"
94-->[androidx.window:window:1.0.0-beta04] AndroidManifest.xml:26:13-54
95            android:required="false" />
95-->[androidx.window:window:1.0.0-beta04] AndroidManifest.xml:27:13-37
96        <uses-library
96-->[androidx.window:window:1.0.0-beta04] AndroidManifest.xml:28:9-30:40
97            android:name="androidx.window.sidecar"
97-->[androidx.window:window:1.0.0-beta04] AndroidManifest.xml:29:13-51
98            android:required="false" /> <!-- Needs to be explicitly declared on P+ -->
98-->[androidx.window:window:1.0.0-beta04] AndroidManifest.xml:30:13-37
99        <uses-library
99-->[com.google.android.gms:play-services-maps:18.0.2] AndroidManifest.xml:39:9-41:40
100            android:name="org.apache.http.legacy"
100-->[com.google.android.gms:play-services-maps:18.0.2] AndroidManifest.xml:40:13-50
101            android:required="false" />
101-->[com.google.android.gms:play-services-maps:18.0.2] AndroidManifest.xml:41:13-37
102
103        <activity
103-->[com.google.android.gms:play-services-base:18.0.1] AndroidManifest.xml:20:9-22:45
104            android:name="com.google.android.gms.common.api.GoogleApiActivity"
104-->[com.google.android.gms:play-services-base:18.0.1] AndroidManifest.xml:20:19-85
105            android:exported="false"
105-->[com.google.android.gms:play-services-base:18.0.1] AndroidManifest.xml:22:19-43
106            android:theme="@android:style/Theme.Translucent.NoTitleBar" />
106-->[com.google.android.gms:play-services-base:18.0.1] AndroidManifest.xml:21:19-78
107
108        <meta-data
108-->[com.google.android.gms:play-services-basement:18.0.0] AndroidManifest.xml:21:9-23:69
109            android:name="com.google.android.gms.version"
109-->[com.google.android.gms:play-services-basement:18.0.0] AndroidManifest.xml:22:13-58
110            android:value="@integer/google_play_services_version" />
110-->[com.google.android.gms:play-services-basement:18.0.0] AndroidManifest.xml:23:13-66
111    </application>
112
113</manifest>